<?xml version="1.0" encoding="UTF-8"?>
<testsuite name="TestRunner.RegistrationTestRunner" tests="1" skipped="0" failures="0" errors="0" timestamp="2022-03-06T03:22:02" hostname="DESKTOP-64KE9LQ" time="30.108">
  <properties/>
  <testcase name="UserRegistration" classname="TestRunner.RegistrationTestRunner" time="30.108"/>
  <system-out><![CDATA[]]></system-out>
  <system-err><![CDATA[]]></system-err>
</testsuite>
